{"level":"info","message":"POST /register - 201 (222ms)","service":"healthcare-compliance-api","timestamp":"2026-04-21 03:22:29"}
{"level":"info","message":"POST /login - 200 (335ms)","service":"healthcare-compliance-api","timestamp":"2026-04-21 03:22:57"}
{"level":"info","message":"GET / - 401 (0ms)","service":"healthcare-compliance-api","timestamp":"2026-04-21 03:23:20"}
{"level":"info","message":"GET /favicon.ico - 401 (1ms)","service":"healthcare-compliance-api","timestamp":"2026-04-21 03:23:20"}
{"level":"info","message":"GET / - 401 (4ms)","service":"healthcare-compliance-api","timestamp":"2026-04-22 01:54:45"}
{"level":"info","message":"GET /favicon.ico - 401 (0ms)","service":"healthcare-compliance-api","timestamp":"2026-04-22 01:54:45"}
{"level":"info","message":"GET / - 200 (75ms)","service":"healthcare-compliance-api","timestamp":"2026-04-22 01:58:03"}
{"level":"info","message":"GET / - 200 (77ms)","service":"healthcare-compliance-api","timestamp":"2026-04-22 01:58:03"}
{"level":"info","message":"GET / - 304 (325ms)","service":"healthcare-compliance-api","timestamp":"2026-04-22 01:58:10"}
{"level":"info","message":"GET / - 304 (121ms)","service":"healthcare-compliance-api","timestamp":"2026-04-22 01:58:10"}
{"level":"info","message":"POST /login - 200 (529ms)","service":"healthcare-compliance-api","timestamp":"2026-04-22 02:35:51"}
{"level":"info","message":"GET / - 304 (121ms)","service":"healthcare-compliance-api","timestamp":"2026-04-22 02:35:51"}
{"level":"info","message":"GET / - 304 (71ms)","service":"healthcare-compliance-api","timestamp":"2026-04-22 02:35:51"}
{"level":"info","message":"GET / - 304 (1000ms)","service":"healthcare-compliance-api","timestamp":"2026-04-22 02:35:52"}
{"level":"info","message":"GET / - 304 (68ms)","service":"healthcare-compliance-api","timestamp":"2026-04-22 02:35:52"}
{"level":"info","message":"GET / - 304 (66ms)","service":"healthcare-compliance-api","timestamp":"2026-04-22 02:36:57"}
{"level":"info","message":"GET / - 304 (202ms)","service":"healthcare-compliance-api","timestamp":"2026-04-22 02:36:57"}
{"level":"info","message":"GET / - 304 (66ms)","service":"healthcare-compliance-api","timestamp":"2026-04-22 02:37:00"}
{"level":"info","message":"GET / - 304 (66ms)","service":"healthcare-compliance-api","timestamp":"2026-04-22 02:37:00"}
{"level":"info","message":"GET / - 304 (72ms)","service":"healthcare-compliance-api","timestamp":"2026-04-22 02:40:30"}
{"level":"info","message":"GET / - 304 (70ms)","service":"healthcare-compliance-api","timestamp":"2026-04-22 02:40:30"}
{"level":"info","message":"GET / - 304 (69ms)","service":"healthcare-compliance-api","timestamp":"2026-04-22 02:40:30"}
{"level":"info","message":"GET / - 304 (72ms)","service":"healthcare-compliance-api","timestamp":"2026-04-22 02:40:30"}
{"level":"info","message":"GET / - 304 (72ms)","service":"healthcare-compliance-api","timestamp":"2026-04-22 02:40:30"}
{"level":"info","message":"GET / - 304 (71ms)","service":"healthcare-compliance-api","timestamp":"2026-04-22 02:40:30"}
{"level":"info","message":"GET / - 401 (1ms)","service":"healthcare-compliance-api","timestamp":"2026-04-22 02:42:31"}
{"level":"info","message":"GET /favicon.ico - 401 (0ms)","service":"healthcare-compliance-api","timestamp":"2026-04-22 02:42:31"}
{"level":"info","message":"GET / - 200 (3ms)","service":"healthcare-compliance-api","timestamp":"2026-04-22 02:44:24"}
{"level":"info","message":"GET /favicon.ico - 401 (1ms)","service":"healthcare-compliance-api","timestamp":"2026-04-22 02:44:24"}
{"level":"info","message":"POST /register - 201 (712ms)","service":"healthcare-compliance-api","timestamp":"2026-04-22 02:46:52"}
{"level":"info","message":"POST /login - 200 (91ms)","service":"healthcare-compliance-api","timestamp":"2026-04-22 02:48:08"}
{"level":"info","message":"POST /api/upload - 401 (1ms)","service":"healthcare-compliance-api","timestamp":"2026-04-22 02:49:25"}
{"level":"info","message":"POST /login - 200 (96ms)","service":"healthcare-compliance-api","timestamp":"2026-04-22 02:50:08"}
{"level":"info","message":"POST /api/upload - 404 (2ms)","service":"healthcare-compliance-api","timestamp":"2026-04-22 02:51:20"}
{"level":"info","message":"POST / - 400 (4ms)","service":"healthcare-compliance-api","timestamp":"2026-04-22 02:52:55"}
{"level":"info","message":"POST / - 201 (131ms)","service":"healthcare-compliance-api","timestamp":"2026-04-22 02:53:28"}
{"level":"info","message":"Starting async analysis for upload: 69e7ead0751def8bc12bc53d","service":"healthcare-compliance-api","timestamp":"2026-04-22 02:53:28"}
{"level":"info","message":"GET / - 200 (88ms)","service":"healthcare-compliance-api","timestamp":"2026-04-22 02:54:18"}
{"level":"info","message":"POST / - 201 (246ms)","service":"healthcare-compliance-api","timestamp":"2026-04-22 03:06:02"}
{"level":"info","message":"✅ Analysis completed for upload 69e7edc2bc5dad6826ca34a5","service":"healthcare-compliance-api","timestamp":"2026-04-22 03:06:03"}
{"level":"info","message":"GET /uploads - 200 (395ms)","service":"healthcare-compliance-api","timestamp":"2026-04-22 03:06:51"}
{"level":"info","message":"GET /api/upload/results/69e7edc2bc5dad6826ca34a8 - 404 (1ms)","service":"healthcare-compliance-api","timestamp":"2026-04-22 03:07:33"}
{"level":"info","message":"GET /api/upload/results/69e7edc2bc5dad6826ca34a8 - 404 (4ms)","service":"healthcare-compliance-api","timestamp":"2026-04-22 03:08:42"}
{"level":"info","message":"GET /api/upload/results/69e7edc2bc5dad6826ca34a8 - 404 (1ms)","service":"healthcare-compliance-api","timestamp":"2026-04-22 03:08:45"}
{"level":"info","message":"GET /uploads - 200 (94ms)","service":"healthcare-compliance-api","timestamp":"2026-04-22 03:10:02"}
{"level":"info","message":"GET /results/69e7edc2bc5dad6826ca34a8 - 200 (74ms)","service":"healthcare-compliance-api","timestamp":"2026-04-22 03:16:10"}
{"level":"info","message":"GET / - 304 (72ms)","service":"healthcare-compliance-api","timestamp":"2026-04-22 03:17:39"}
{"level":"info","message":"GET / - 304 (86ms)","service":"healthcare-compliance-api","timestamp":"2026-04-22 03:17:39"}
{"level":"info","message":"GET / - 304 (136ms)","service":"healthcare-compliance-api","timestamp":"2026-04-22 03:17:39"}
{"level":"info","message":"GET / - 304 (853ms)","service":"healthcare-compliance-api","timestamp":"2026-04-22 03:17:40"}
{"level":"info","message":"GET / - 304 (38ms)","service":"healthcare-compliance-api","timestamp":"2026-04-22 03:17:40"}
{"level":"info","message":"GET / - 304 (39ms)","service":"healthcare-compliance-api","timestamp":"2026-04-22 03:17:40"}
{"level":"info","message":"GET /uploads - 200 (108ms)","service":"healthcare-compliance-api","timestamp":"2026-04-22 03:24:10"}
{"level":"info","message":"GET /uploads - 304 (249ms)","service":"healthcare-compliance-api","timestamp":"2026-04-22 03:24:26"}
{"level":"info","message":"POST /login - 200 (345ms)","service":"healthcare-compliance-api","timestamp":"2026-04-22 03:27:03"}
{"level":"info","message":"GET /uploads - 200 (95ms)","service":"healthcare-compliance-api","timestamp":"2026-04-22 03:27:03"}
{"level":"info","message":"GET /results/69e7edc2bc5dad6826ca34a8 - 200 (72ms)","service":"healthcare-compliance-api","timestamp":"2026-04-22 03:27:03"}
{"level":"info","message":"GET /uploads - 304 (96ms)","service":"healthcare-compliance-api","timestamp":"2026-04-22 03:27:03"}
{"level":"info","message":"GET /results/69e7edc2bc5dad6826ca34a8 - 304 (40ms)","service":"healthcare-compliance-api","timestamp":"2026-04-22 03:27:03"}
{"level":"info","message":"GET /uploads - 304 (120ms)","service":"healthcare-compliance-api","timestamp":"2026-04-22 03:29:37"}
{"level":"info","message":"GET /results/69e7edc2bc5dad6826ca34a8 - 304 (65ms)","service":"healthcare-compliance-api","timestamp":"2026-04-22 03:29:37"}
{"level":"info","message":"GET /uploads - 304 (136ms)","service":"healthcare-compliance-api","timestamp":"2026-04-22 03:30:18"}
{"level":"info","message":"GET /uploads - 304 (87ms)","service":"healthcare-compliance-api","timestamp":"2026-04-22 03:30:18"}
{"level":"info","message":"GET /results/69e7edc2bc5dad6826ca34a8 - 304 (81ms)","service":"healthcare-compliance-api","timestamp":"2026-04-22 03:30:18"}
{"level":"info","message":"GET /results/69e7edc2bc5dad6826ca34a8 - 304 (183ms)","service":"healthcare-compliance-api","timestamp":"2026-04-22 03:30:18"}
{"level":"info","message":"POST /login - 401 (71ms)","service":"healthcare-compliance-api","timestamp":"2026-04-22 04:05:26"}
{"level":"info","message":"POST /login - 401 (284ms)","service":"healthcare-compliance-api","timestamp":"2026-04-22 04:05:48"}
{"level":"info","message":"POST /login - 401 (68ms)","service":"healthcare-compliance-api","timestamp":"2026-04-22 04:06:07"}
{"level":"info","message":"POST /login - 401 (363ms)","service":"healthcare-compliance-api","timestamp":"2026-04-22 04:06:16"}
{"level":"info","message":"POST /login - 401 (299ms)","service":"healthcare-compliance-api","timestamp":"2026-04-22 04:06:26"}
{"level":"info","message":"POST /login - 401 (149ms)","service":"healthcare-compliance-api","timestamp":"2026-04-22 04:06:30"}
{"level":"info","message":"POST /login - 401 (65ms)","service":"healthcare-compliance-api","timestamp":"2026-04-22 04:06:39"}
{"level":"info","message":"POST /login - 401 (143ms)","service":"healthcare-compliance-api","timestamp":"2026-04-22 04:09:26"}
{"level":"info","message":"POST /login - 401 (105ms)","service":"healthcare-compliance-api","timestamp":"2026-04-22 04:09:28"}
{"level":"info","message":"POST /login - 401 (75ms)","service":"healthcare-compliance-api","timestamp":"2026-04-22 04:11:14"}
{"level":"info","message":"POST /login - 200 (131ms)","service":"healthcare-compliance-api","timestamp":"2026-04-22 04:11:28"}
{"level":"info","message":"POST /register - 201 (218ms)","service":"healthcare-compliance-api","timestamp":"2026-04-22 04:11:59"}
{"level":"info","message":"POST /login - 200 (178ms)","service":"healthcare-compliance-api","timestamp":"2026-04-22 04:13:51"}
{"level":"info","message":"GET /metrics - 200 (274ms)","service":"healthcare-compliance-api","timestamp":"2026-04-22 04:14:49"}
{"level":"info","message":"GET /metrics - 200 (847ms)","service":"healthcare-compliance-api","timestamp":"2026-04-22 04:54:33"}
{"level":"info","message":"POST /login - 200 (326ms)","service":"healthcare-compliance-api","timestamp":"2026-04-22 04:55:01"}
{"level":"info","message":"GET /metrics - 200 (588ms)","service":"healthcare-compliance-api","timestamp":"2026-04-22 04:55:46"}
{"level":"info","message":"GET /uploads - 200 (252ms)","service":"healthcare-compliance-api","timestamp":"2026-04-22 05:03:13"}
{"level":"info","message":"GET /uploads - 304 (127ms)","service":"healthcare-compliance-api","timestamp":"2026-04-22 05:03:13"}
{"level":"info","message":"GET /results/69e7edc2bc5dad6826ca34a8 - 304 (462ms)","service":"healthcare-compliance-api","timestamp":"2026-04-22 05:03:13"}
{"level":"info","message":"GET /results/69e7edc2bc5dad6826ca34a8 - 304 (458ms)","service":"healthcare-compliance-api","timestamp":"2026-04-22 05:03:14"}
{"level":"info","message":"GET /uploads - 304 (177ms)","service":"healthcare-compliance-api","timestamp":"2026-04-22 05:17:22"}
{"level":"info","message":"GET /results/69e7edc2bc5dad6826ca34a8 - 304 (42ms)","service":"healthcare-compliance-api","timestamp":"2026-04-22 05:17:22"}
{"level":"info","message":"GET /uploads - 304 (205ms)","service":"healthcare-compliance-api","timestamp":"2026-04-22 05:19:52"}
{"level":"info","message":"GET /results/69e7edc2bc5dad6826ca34a8 - 304 (82ms)","service":"healthcare-compliance-api","timestamp":"2026-04-22 05:19:52"}
{"level":"info","message":"POST /login - 200 (104ms)","service":"healthcare-compliance-api","timestamp":"2026-04-22 05:20:21"}
{"level":"info","message":"GET /uploads - 200 (340ms)","service":"healthcare-compliance-api","timestamp":"2026-04-22 05:20:22"}
{"level":"info","message":"GET /uploads - 304 (113ms)","service":"healthcare-compliance-api","timestamp":"2026-04-22 05:20:22"}
{"level":"info","message":"GET /results/69e7edc2bc5dad6826ca34a8 - 304 (112ms)","service":"healthcare-compliance-api","timestamp":"2026-04-22 05:20:22"}
{"level":"info","message":"GET /results/69e7edc2bc5dad6826ca34a8 - 304 (69ms)","service":"healthcare-compliance-api","timestamp":"2026-04-22 05:20:22"}
{"level":"info","message":"GET /uploads - 304 (140ms)","service":"healthcare-compliance-api","timestamp":"2026-04-22 05:21:00"}
{"level":"info","message":"GET /results/69e7edc2bc5dad6826ca34a8 - 304 (92ms)","service":"healthcare-compliance-api","timestamp":"2026-04-22 05:21:00"}
{"level":"info","message":"POST /login - 200 (131ms)","service":"healthcare-compliance-api","timestamp":"2026-04-22 05:21:09"}
{"level":"info","message":"GET /uploads - 200 (132ms)","service":"healthcare-compliance-api","timestamp":"2026-04-22 05:21:09"}
{"level":"info","message":"GET /results/69e7edc2bc5dad6826ca34a8 - 304 (50ms)","service":"healthcare-compliance-api","timestamp":"2026-04-22 05:21:09"}
{"level":"info","message":"GET /uploads - 304 (382ms)","service":"healthcare-compliance-api","timestamp":"2026-04-22 05:21:09"}
{"level":"info","message":"GET /results/69e7edc2bc5dad6826ca34a8 - 304 (177ms)","service":"healthcare-compliance-api","timestamp":"2026-04-22 05:21:10"}
{"level":"info","message":"GET /uploads - 304 (348ms)","service":"healthcare-compliance-api","timestamp":"2026-04-22 05:21:48"}
{"level":"info","message":"GET /results/69e7edc2bc5dad6826ca34a8 - 304 (70ms)","service":"healthcare-compliance-api","timestamp":"2026-04-22 05:21:48"}
{"level":"info","message":"GET /uploads - 304 (147ms)","service":"healthcare-compliance-api","timestamp":"2026-04-22 05:25:04"}
{"level":"info","message":"GET /results/69e7edc2bc5dad6826ca34a8 - 304 (103ms)","service":"healthcare-compliance-api","timestamp":"2026-04-22 05:25:04"}
{"level":"info","message":"POST /login - 200 (239ms)","service":"healthcare-compliance-api","timestamp":"2026-04-22 05:25:24"}
{"level":"info","message":"GET /uploads - 200 (179ms)","service":"healthcare-compliance-api","timestamp":"2026-04-22 05:25:24"}
{"level":"info","message":"GET /results/69e7edc2bc5dad6826ca34a8 - 304 (165ms)","service":"healthcare-compliance-api","timestamp":"2026-04-22 05:25:25"}
{"level":"info","message":"GET /uploads - 304 (300ms)","service":"healthcare-compliance-api","timestamp":"2026-04-22 05:25:25"}
{"level":"info","message":"GET /results/69e7edc2bc5dad6826ca34a8 - 304 (119ms)","service":"healthcare-compliance-api","timestamp":"2026-04-22 05:25:25"}
{"level":"info","message":"GET /uploads - 304 (336ms)","service":"healthcare-compliance-api","timestamp":"2026-04-22 05:25:50"}
{"level":"info","message":"GET /results/69e7edc2bc5dad6826ca34a8 - 304 (404ms)","service":"healthcare-compliance-api","timestamp":"2026-04-22 05:25:51"}
{"level":"info","message":"GET /uploads - 304 (569ms)","service":"healthcare-compliance-api","timestamp":"2026-04-22 05:25:51"}
{"level":"info","message":"GET /results/69e7edc2bc5dad6826ca34a8 - 304 (244ms)","service":"healthcare-compliance-api","timestamp":"2026-04-22 05:25:51"}
{"level":"info","message":"POST /login - 200 (119ms)","service":"healthcare-compliance-api","timestamp":"2026-04-22 05:27:09"}
{"level":"info","message":"POST / - 201 (746ms)","service":"healthcare-compliance-api","timestamp":"2026-04-22 05:28:11"}
{"level":"info","message":"Analysis completed for upload 69e80f12651662107887ba6a","service":"healthcare-compliance-api","timestamp":"2026-04-22 05:28:12"}
{"level":"info","message":"POST /login - 200 (310ms)","service":"healthcare-compliance-api","timestamp":"2026-04-22 05:28:50"}
{"level":"info","message":"POST /api/upload - 401 (0ms)","service":"healthcare-compliance-api","timestamp":"2026-04-22 05:29:34"}
{"level":"info","message":"POST / - 201 (333ms)","service":"healthcare-compliance-api","timestamp":"2026-04-22 05:29:43"}
{"level":"info","message":"Analysis completed for upload 69e80f6e651662107887ba76","service":"healthcare-compliance-api","timestamp":"2026-04-22 05:29:44"}
{"level":"info","message":"GET /uploads - 200 (432ms)","service":"healthcare-compliance-api","timestamp":"2026-04-22 05:29:53"}
{"level":"info","message":"GET /results/69e80f6f651662107887ba78 - 200 (123ms)","service":"healthcare-compliance-api","timestamp":"2026-04-22 05:29:54"}
{"level":"info","message":"GET /uploads - 304 (191ms)","service":"healthcare-compliance-api","timestamp":"2026-04-22 05:29:54"}
{"level":"info","message":"GET /results/69e80f6f651662107887ba78 - 304 (272ms)","service":"healthcare-compliance-api","timestamp":"2026-04-22 05:29:54"}
{"level":"info","message":"GET /uploads - 304 (403ms)","service":"healthcare-compliance-api","timestamp":"2026-04-22 05:29:59"}
{"level":"info","message":"GET /results/69e80f6f651662107887ba78 - 304 (253ms)","service":"healthcare-compliance-api","timestamp":"2026-04-22 05:29:59"}
{"level":"info","message":"POST /login - 200 (241ms)","service":"healthcare-compliance-api","timestamp":"2026-04-22 05:30:16"}
{"level":"info","message":"GET /uploads - 200 (158ms)","service":"healthcare-compliance-api","timestamp":"2026-04-22 05:30:17"}
{"level":"info","message":"GET /results/69e80f6f651662107887ba78 - 304 (40ms)","service":"healthcare-compliance-api","timestamp":"2026-04-22 05:30:17"}
{"level":"info","message":"GET /uploads - 304 (230ms)","service":"healthcare-compliance-api","timestamp":"2026-04-22 05:30:17"}
{"level":"info","message":"GET /results/69e80f6f651662107887ba78 - 304 (408ms)","service":"healthcare-compliance-api","timestamp":"2026-04-22 05:30:17"}
{"level":"info","message":"GET /uploads - 304 (658ms)","service":"healthcare-compliance-api","timestamp":"2026-04-22 05:30:30"}
{"level":"info","message":"GET /results/69e80f6f651662107887ba78 - 304 (132ms)","service":"healthcare-compliance-api","timestamp":"2026-04-22 05:30:30"}
{"level":"info","message":"GET /uploads - 304 (137ms)","service":"healthcare-compliance-api","timestamp":"2026-04-22 05:30:46"}
{"level":"info","message":"GET /results/69e80f6f651662107887ba78 - 304 (70ms)","service":"healthcare-compliance-api","timestamp":"2026-04-22 05:30:46"}
{"level":"info","message":"POST /login - 200 (130ms)","service":"healthcare-compliance-api","timestamp":"2026-04-22 05:31:04"}
{"level":"info","message":"GET /uploads - 200 (233ms)","service":"healthcare-compliance-api","timestamp":"2026-04-22 05:31:04"}
{"level":"info","message":"GET /results/69e80f6f651662107887ba78 - 304 (56ms)","service":"healthcare-compliance-api","timestamp":"2026-04-22 05:31:04"}
{"level":"info","message":"GET /uploads - 304 (165ms)","service":"healthcare-compliance-api","timestamp":"2026-04-22 05:31:05"}
{"level":"info","message":"GET /results/69e80f6f651662107887ba78 - 304 (70ms)","service":"healthcare-compliance-api","timestamp":"2026-04-22 05:31:05"}
{"level":"info","message":"GET /summary - 200 (2222ms)","service":"healthcare-compliance-api","timestamp":"2026-04-22 05:37:19"}
{"level":"info","message":"POST /auth/login - 401 (0ms)","service":"healthcare-compliance-api","timestamp":"2026-04-22 05:38:18"}
{"level":"info","message":"POST /login - 200 (372ms)","service":"healthcare-compliance-api","timestamp":"2026-04-22 05:39:26"}
{"level":"info","message":"GET /summary - 200 (2691ms)","service":"healthcare-compliance-api","timestamp":"2026-04-22 05:40:30"}
{"level":"info","message":"GET /summary - 200 (1731ms)","service":"healthcare-compliance-api","timestamp":"2026-04-22 05:47:20"}
{"level":"info","message":"GET /summary - 304 (1951ms)","service":"healthcare-compliance-api","timestamp":"2026-04-22 05:47:32"}
{"level":"info","message":"GET /summary - 304 (828ms)","service":"healthcare-compliance-api","timestamp":"2026-04-22 05:50:23"}
{"level":"info","message":"GET /summary - 304 (2328ms)","service":"healthcare-compliance-api","timestamp":"2026-04-22 05:50:29"}
{"level":"info","message":"GET /summary - 304 (364ms)","service":"healthcare-compliance-api","timestamp":"2026-04-22 05:50:49"}
{"level":"info","message":"GET /summary - 304 (360ms)","service":"healthcare-compliance-api","timestamp":"2026-04-22 05:51:01"}
{"level":"info","message":"POST / - 201 (102ms)","service":"healthcare-compliance-api","timestamp":"2026-04-22 05:56:08"}
{"level":"info","message":"Analysis completed for upload 69e815a0961fc19d8608860f","service":"healthcare-compliance-api","timestamp":"2026-04-22 05:56:08"}
{"level":"info","message":"GET /summary - 200 (1625ms)","service":"healthcare-compliance-api","timestamp":"2026-04-22 05:56:11"}
{"level":"info","message":"GET /summary - 304 (314ms)","service":"healthcare-compliance-api","timestamp":"2026-04-22 05:56:11"}
{"level":"info","message":"GET /summary - 304 (410ms)","service":"healthcare-compliance-api","timestamp":"2026-04-22 05:56:33"}
{"level":"info","message":"GET /summary - 304 (324ms)","service":"healthcare-compliance-api","timestamp":"2026-04-22 05:56:59"}
{"level":"info","message":"GET /summary - 304 (993ms)","service":"healthcare-compliance-api","timestamp":"2026-04-22 05:58:52"}
{"level":"info","message":"POST / - 201 (210ms)","service":"healthcare-compliance-api","timestamp":"2026-04-22 05:59:12"}
{"level":"info","message":"Analysis completed for upload 69e81658961fc19d8608861a","service":"healthcare-compliance-api","timestamp":"2026-04-22 05:59:12"}
{"level":"info","message":"GET /summary - 200 (342ms)","service":"healthcare-compliance-api","timestamp":"2026-04-22 05:59:14"}
{"level":"info","message":"GET /summary - 304 (324ms)","service":"healthcare-compliance-api","timestamp":"2026-04-22 05:59:14"}
{"level":"info","message":"POST / - 201 (352ms)","service":"healthcare-compliance-api","timestamp":"2026-04-22 05:59:40"}
{"level":"info","message":"Analysis completed for upload 69e81674961fc19d86088625","service":"healthcare-compliance-api","timestamp":"2026-04-22 05:59:41"}
{"level":"info","message":"GET /summary - 200 (1229ms)","service":"healthcare-compliance-api","timestamp":"2026-04-22 05:59:42"}
{"level":"info","message":"GET /summary - 304 (1587ms)","service":"healthcare-compliance-api","timestamp":"2026-04-22 05:59:44"}
{"level":"info","message":"POST / - 201 (456ms)","service":"healthcare-compliance-api","timestamp":"2026-04-22 06:00:03"}
{"level":"info","message":"Analysis completed for upload 69e8168b961fc19d86088630","service":"healthcare-compliance-api","timestamp":"2026-04-22 06:00:03"}
{"level":"info","message":"GET /summary - 200 (1666ms)","service":"healthcare-compliance-api","timestamp":"2026-04-22 06:00:06"}
{"level":"info","message":"GET /summary - 304 (1489ms)","service":"healthcare-compliance-api","timestamp":"2026-04-22 06:00:07"}
{"level":"info","message":"GET /summary - 304 (616ms)","service":"healthcare-compliance-api","timestamp":"2026-04-22 06:00:11"}
{"level":"info","message":"POST / - 201 (498ms)","service":"healthcare-compliance-api","timestamp":"2026-04-22 06:00:24"}
{"level":"info","message":"Analysis completed for upload 69e816a0961fc19d8608863c","service":"healthcare-compliance-api","timestamp":"2026-04-22 06:00:25"}
{"level":"info","message":"GET /summary - 200 (312ms)","service":"healthcare-compliance-api","timestamp":"2026-04-22 06:00:26"}
{"level":"info","message":"GET /summary - 304 (327ms)","service":"healthcare-compliance-api","timestamp":"2026-04-22 06:00:26"}
{"level":"info","message":"GET /summary - 304 (1101ms)","service":"healthcare-compliance-api","timestamp":"2026-04-22 06:00:37"}
{"level":"info","message":"POST / - 201 (327ms)","service":"healthcare-compliance-api","timestamp":"2026-04-22 06:00:44"}
{"level":"info","message":"Analysis completed for upload 69e816b3961fc19d86088647","service":"healthcare-compliance-api","timestamp":"2026-04-22 06:00:45"}
{"level":"info","message":"GET /summary - 200 (1198ms)","service":"healthcare-compliance-api","timestamp":"2026-04-22 06:00:46"}
{"level":"info","message":"GET /summary - 304 (1431ms)","service":"healthcare-compliance-api","timestamp":"2026-04-22 06:00:48"}
{"level":"info","message":"GET /summary - 304 (1623ms)","service":"healthcare-compliance-api","timestamp":"2026-04-22 06:01:05"}
{"level":"info","message":"GET /summary - 304 (944ms)","service":"healthcare-compliance-api","timestamp":"2026-04-22 06:01:06"}
{"level":"info","message":"GET /summary - 304 (1501ms)","service":"healthcare-compliance-api","timestamp":"2026-04-22 06:01:47"}
{"level":"info","message":"POST /login - 200 (746ms)","service":"healthcare-compliance-api","timestamp":"2026-04-22 06:02:06"}
{"level":"info","message":"GET /uploads - 200 (310ms)","service":"healthcare-compliance-api","timestamp":"2026-04-22 06:02:07"}
{"level":"info","message":"GET /uploads - 304 (125ms)","service":"healthcare-compliance-api","timestamp":"2026-04-22 06:02:07"}
{"level":"info","message":"GET /results/69e80f6f651662107887ba78 - 304 (547ms)","service":"healthcare-compliance-api","timestamp":"2026-04-22 06:02:07"}
{"level":"info","message":"GET /results/69e80f6f651662107887ba78 - 304 (68ms)","service":"healthcare-compliance-api","timestamp":"2026-04-22 06:02:08"}
{"level":"info","message":"POST / - 201 (148ms)","service":"healthcare-compliance-api","timestamp":"2026-04-22 06:02:28"}
{"level":"info","message":"Analysis completed for upload 69e8171c961fc19d86088654","service":"healthcare-compliance-api","timestamp":"2026-04-22 06:02:29"}
{"level":"info","message":"GET /uploads - 200 (134ms)","service":"healthcare-compliance-api","timestamp":"2026-04-22 06:02:30"}
{"level":"info","message":"GET /results/69e8171d961fc19d86088657 - 200 (95ms)","service":"healthcare-compliance-api","timestamp":"2026-04-22 06:02:30"}
{"level":"info","message":"GET /uploads - 304 (164ms)","service":"healthcare-compliance-api","timestamp":"2026-04-22 06:02:30"}
{"level":"info","message":"GET /results/69e8171d961fc19d86088657 - 304 (76ms)","service":"healthcare-compliance-api","timestamp":"2026-04-22 06:02:30"}
{"level":"info","message":"POST /login - 200 (373ms)","service":"healthcare-compliance-api","timestamp":"2026-04-22 06:02:50"}
{"level":"info","message":"GET /summary - 200 (1004ms)","service":"healthcare-compliance-api","timestamp":"2026-04-22 06:02:51"}
{"level":"info","message":"GET /summary - 304 (565ms)","service":"healthcare-compliance-api","timestamp":"2026-04-22 06:02:52"}
{"level":"info","message":"GET /summary - 304 (1802ms)","service":"healthcare-compliance-api","timestamp":"2026-04-22 06:03:02"}
{"level":"info","message":"GET /summary - 304 (513ms)","service":"healthcare-compliance-api","timestamp":"2026-04-22 06:03:38"}
{"level":"info","message":"GET /summary - 304 (981ms)","service":"healthcare-compliance-api","timestamp":"2026-04-22 06:03:54"}
{"level":"info","message":"GET /summary - 304 (1512ms)","service":"healthcare-compliance-api","timestamp":"2026-04-22 06:18:14"}
{"level":"info","message":"POST / - 201 (899ms)","service":"healthcare-compliance-api","timestamp":"2026-04-22 06:18:54"}
{"level":"info","message":"Analysis completed for upload 69e81af533ac1a36a76ac3bf","service":"healthcare-compliance-api","timestamp":"2026-04-22 06:18:55"}
{"level":"info","message":"GET /summary - 200 (4193ms)","service":"healthcare-compliance-api","timestamp":"2026-04-22 06:18:59"}
{"level":"info","message":"GET /summary - 304 (2394ms)","service":"healthcare-compliance-api","timestamp":"2026-04-22 06:19:02"}
{"level":"info","message":"POST / - 201 (156ms)","service":"healthcare-compliance-api","timestamp":"2026-04-22 06:19:21"}
{"level":"info","message":"Analysis completed for upload 69e81b1133ac1a36a76ac3c6","service":"healthcare-compliance-api","timestamp":"2026-04-22 06:19:22"}
{"level":"info","message":"GET /summary - 200 (926ms)","service":"healthcare-compliance-api","timestamp":"2026-04-22 06:19:23"}
{"level":"info","message":"GET /summary - 304 (311ms)","service":"healthcare-compliance-api","timestamp":"2026-04-22 06:19:24"}
{"level":"info","message":"GET /summary - 304 (1797ms)","service":"healthcare-compliance-api","timestamp":"2026-04-22 06:19:36"}
{"level":"info","message":"GET /summary - 304 (2053ms)","service":"healthcare-compliance-api","timestamp":"2026-04-22 06:22:07"}
{"level":"info","message":"GET /api/compliance - 401 (0ms)","service":"healthcare-compliance-api","timestamp":"2026-04-22 06:24:39"}
{"level":"info","message":"POST /login - 200 (538ms)","service":"healthcare-compliance-api","timestamp":"2026-04-22 06:29:22"}
{"level":"info","message":"GET /summary - 304 (1255ms)","service":"healthcare-compliance-api","timestamp":"2026-04-22 06:29:24"}
{"level":"info","message":"GET /summary - 304 (848ms)","service":"healthcare-compliance-api","timestamp":"2026-04-22 06:29:25"}
{"level":"info","message":"GET / - 200 (314ms)","service":"healthcare-compliance-api","timestamp":"2026-04-22 06:29:27"}
{"level":"info","message":"GET / - 304 (404ms)","service":"healthcare-compliance-api","timestamp":"2026-04-22 06:29:27"}
{"level":"info","message":"GET /summary - 304 (931ms)","service":"healthcare-compliance-api","timestamp":"2026-04-22 06:29:27"}
{"level":"info","message":"GET /summary - 304 (328ms)","service":"healthcare-compliance-api","timestamp":"2026-04-22 06:29:28"}
{"level":"info","message":"GET /summary - 304 (411ms)","service":"healthcare-compliance-api","timestamp":"2026-04-22 06:29:44"}
{"level":"info","message":"GET /summary - 304 (358ms)","service":"healthcare-compliance-api","timestamp":"2026-04-22 06:29:44"}
{"level":"info","message":"GET / - 304 (141ms)","service":"healthcare-compliance-api","timestamp":"2026-04-22 06:29:51"}
{"level":"info","message":"GET / - 304 (163ms)","service":"healthcare-compliance-api","timestamp":"2026-04-22 06:29:52"}
{"level":"info","message":"GET /summary - 304 (950ms)","service":"healthcare-compliance-api","timestamp":"2026-04-22 06:29:52"}
{"level":"info","message":"GET /summary - 304 (2602ms)","service":"healthcare-compliance-api","timestamp":"2026-04-22 06:29:55"}
